<?xml version="1.0" encoding="UTF-8"?>
<!-- Generated by org.testng.reporters.JUnitReportReporter -->
<testsuite skipped="0" hostname="Shujju" name="com.pack.maven.mavenclass" tests="1" failures="0" timestamp="19 Feb 2019 12:33:52 GMT" time="0.053" errors="0">
  <testcase name="maven" time="0.053" classname="com.pack.maven.mavenclass"/>
</testsuite> <!-- com.pack.maven.mavenclass -->
