<?xml version="1.0" encoding="UTF-8"?>
<!-- Generated by org.testng.reporters.JUnitReportReporter -->
<testsuite skipped="0" hostname="Shujju" name="com.pack.test.maventest" tests="1" failures="0" timestamp="20 Feb 2019 04:36:06 GMT" time="0.032" errors="0">
  <testcase name="test" time="0.032" classname="com.pack.test.maventest"/>
</testsuite> <!-- com.pack.test.maventest -->
