<?xml version="1.0" encoding="UTF-8"?>
<!-- Generated by org.testng.reporters.JUnitReportReporter -->
<testsuite hostname="Shujju" failures="0" tests="1" name="com.pack.tests.GrpTest" time="0.042" errors="0" timestamp="21 Feb 2019 02:15:16 GMT" skipped="0">
  <testcase classname="com.pack.tests.GrpTest" name="test" time="0.042"/>
</testsuite> <!-- com.pack.tests.GrpTest -->
